Arguments: 
  /usr/local/bin/node /usr/local/bin/yarn

PATH: 
  /usr/local/bin:/usr/bin:/bin:/usr/sbin:/sbin:/Users/yangjunning/Library/Android/sdk/tools:/Users/yangjunning/Library/Android/sdk/tools/bin:/Users/yangjunning/Library/Android/sdk/platform-tools:/Users/yangjunning/Library/Android/sdk/emulatorexport

Yarn version: 
  1.15.2

Node version: 
  10.16.3

Platform: 
  darwin x64

Trace: 
  SyntaxError: /Users/yangjunning/Desktop/github/wx-promise-pro/package.json: Unexpected token } in JSON at position 948
      at JSON.parse (<anonymous>)
      at /usr/local/lib/node_modules/yarn/lib/cli.js:1625:59
      at Generator.next (<anonymous>)
      at step (/usr/local/lib/node_modules/yarn/lib/cli.js:304:30)
      at /usr/local/lib/node_modules/yarn/lib/cli.js:315:13

npm manifest: 
  {
    "name": "wx-promise-pro",
    "version": "3.0.2",
    "description": "强大的、优雅的小程序 Promise 库",
    "main": "dist/index.umd.js",
    "module": "dist/index.esm.js",
    "types": "index.d.ts",
    "scripts": {
      "build": "rollup -c",
      "postversion": "git push --tags && git push && npm publish"
    },
    "repository": {
      "type": "git",
      "url": "git+https://github.com/youngjuning/wx-promise-pro.git"
    },
    "keywords": [
      "promise",
      "es6",
      "then",
      "catch",
      "finally",
      "小程序",
      "weapp",
      "miniapp",
      "weixin"
    ],
    "author": "youngjuning",
    "license": "MIT",
    "bugs": {
      "url": "https://github.com/youngjuning/wx-promise-pro/issues"
    },
    "homepage": "https://github.com/youngjuning/wx-promise-pro#readme",
    "devDependencies":{
      "rollup": "^1.28.0",
      "rollup-plugin-commonjs": "^10.1.0",
      "rollup-plugin-json": "^4.0.0",
      "rollup-plugin-node-resolve": "^5.2.0",
      "rollup-plugin-terser": "^5.1.3",
    }
  }

yarn manifest: 
  No manifest

Lockfile: 
  No lockfile
